[2022-03-15 13:06:42] local.ERROR: The "C:\xampp\htdocs\loan\storage\framework/sessions" directory does not exist. {"exception":"[object] (Symfony\\Component\\Finder\\Exception\\DirectoryNotFoundException(code: 0): The \"C:\\xampp\\htdocs\\loan\\storage\\framework/sessions\" directory does not exist. at /var/www/vhosts/epic-driscoll.161-97-115-110.plesk.page/httpdocs/loan/vendor/symfony/finder/Finder.php:592)
[stacktrace]
#0 /var/www/vhosts/epic-driscoll.161-97-115-110.plesk.page/httpdocs/loan/vendor/laravel/framework/src/Illuminate/Session/FileSessionHandler.php(122): Symfony\\Component\\Finder\\Finder->in()
#1 /var/www/vhosts/epic-driscoll.161-97-115-110.plesk.page/httpdocs/loan/vendor/laravel/framework/src/Illuminate/Session/Middleware/StartSession.php(178): Illuminate\\Session\\FileSessionHandler->gc()
#2 /var/www/vhosts/epic-driscoll.161-97-115-110.plesk.page/httpdocs/loan/vendor/laravel/framework/src/Illuminate/Session/Middleware/StartSession.php(119): Illuminate\\Session\\Middleware\\StartSession->collectGarbage()
#3 /var/www/vhosts/epic-driscoll.161-97-115-110.plesk.page/httpdocs/loan/vendor/laravel/framework/src/Illuminate/Session/Middleware/StartSession.php(64): Illuminate\\Session\\Middleware\\StartSession->handleStatefulRequest()
#4 /var/www/vhosts/epic-driscoll.161-97-115-110.plesk.page/httpdocs/loan/vendor/laravel/framework/src/Illuminate/Pipeline/Pipeline.php(167): Illuminate\\Session\\Middleware\\StartSession->handle()
#5 /var/www/vhosts/epic-driscoll.161-97-115-110.plesk.page/httpdocs/loan/vendor/laravel/framework/src/Illuminate/Cookie/Middleware/AddQueuedCookiesToResponse.php(37): Illuminate\\Pipeline\\Pipeline->Illuminate\\Pipeline\\{closure}()
#6 /var/www/vhosts/epic-driscoll.161-97-115-110.plesk.page/httpdocs/loan/vendor/laravel/framework/src/Illuminate/Pipeline/Pipeline.php(167): Illuminate\\Cookie\\Middleware\\AddQueuedCookiesToResponse->handle()
#7 /var/www/vhosts/epic-driscoll.161-97-115-110.plesk.page/httpdocs/loan/vendor/laravel/framework/src/Illuminate/Cookie/Middleware/EncryptCookies.php(67): Illuminate\\Pipeline\\Pipeline->Illuminate\\Pipeline\\{closure}()
#8 /var/www/vhosts/epic-driscoll.161-97-115-110.plesk.page/httpdocs/loan/vendor/laravel/framework/src/Illuminate/Pipeline/Pipeline.php(167): Illuminate\\Cookie\\Middleware\\EncryptCookies->handle()
#9 /var/www/vhosts/epic-driscoll.161-97-115-110.plesk.page/httpdocs/loan/vendor/laravel/framework/src/Illuminate/Pipeline/Pipeline.php(103): Illuminate\\Pipeline\\Pipeline->Illuminate\\Pipeline\\{closure}()
#10 /var/www/vhosts/epic-driscoll.161-97-115-110.plesk.page/httpdocs/loan/vendor/laravel/framework/src/Illuminate/Routing/Router.php(723): Illuminate\\Pipeline\\Pipeline->then()
#11 /var/www/vhosts/epic-driscoll.161-97-115-110.plesk.page/httpdocs/loan/vendor/laravel/framework/src/Illuminate/Routing/Router.php(698): Illuminate\\Routing\\Router->runRouteWithinStack()
#12 /var/www/vhosts/epic-driscoll.161-97-115-110.plesk.page/httpdocs/loan/vendor/laravel/framework/src/Illuminate/Routing/Router.php(662): Illuminate\\Routing\\Router->runRoute()
#13 /var/www/vhosts/epic-driscoll.161-97-115-110.plesk.page/httpdocs/loan/vendor/laravel/framework/src/Illuminate/Routing/Router.php(651): Illuminate\\Routing\\Router->dispatchToRoute()
#14 /var/www/vhosts/epic-driscoll.161-97-115-110.plesk.page/httpdocs/loan/vendor/laravel/framework/src/Illuminate/Foundation/Http/Kernel.php(167): Illuminate\\Routing\\Router->dispatch()
#15 /var/www/vhosts/epic-driscoll.161-97-115-110.plesk.page/httpdocs/loan/vendor/laravel/framework/src/Illuminate/Pipeline/Pipeline.php(128): Illuminate\\Foundation\\Http\\Kernel->Illuminate\\Foundation\\Http\\{closure}()
#16 /var/www/vhosts/epic-driscoll.161-97-115-110.plesk.page/httpdocs/loan/vendor/laravel/framework/src/Illuminate/Foundation/Http/Middleware/TransformsRequest.php(21): Illuminate\\Pipeline\\Pipeline->Illuminate\\Pipeline\\{closure}()
#17 /var/www/vhosts/epic-driscoll.161-97-115-110.plesk.page/httpdocs/loan/vendor/laravel/framework/src/Illuminate/Foundation/Http/Middleware/ConvertEmptyStringsToNull.php(31): Illuminate\\Foundation\\Http\\Middleware\\TransformsRequest->handle()
#18 /var/www/vhosts/epic-driscoll.161-97-115-110.plesk.page/httpdocs/loan/vendor/laravel/framework/src/Illuminate/Pipeline/Pipeline.php(167): Illuminate\\Foundation\\Http\\Middleware\\ConvertEmptyStringsToNull->handle()
#19 /var/www/vhosts/epic-driscoll.161-97-115-110.plesk.page/httpdocs/loan/vendor/laravel/framework/src/Illuminate/Foundation/Http/Middleware/TransformsRequest.php(21): Illuminate\\Pipeline\\Pipeline->Illuminate\\Pipeline\\{closure}()
#20 /var/www/vhosts/epic-driscoll.161-97-115-110.plesk.page/httpdocs/loan/vendor/laravel/framework/src/Illuminate/Foundation/Http/Middleware/TrimStrings.php(40): Illuminate\\Foundation\\Http\\Middleware\\TransformsRequest->handle()
#21 /var/www/vhosts/epic-driscoll.161-97-115-110.plesk.page/httpdocs/loan/vendor/laravel/framework/src/Illuminate/Pipeline/Pipeline.php(167): Illuminate\\Foundation\\Http\\Middleware\\TrimStrings->handle()
#22 /var/www/vhosts/epic-driscoll.161-97-115-110.plesk.page/httpdocs/loan/vendor/laravel/framework/src/Illuminate/Foundation/Http/Middleware/ValidatePostSize.php(27): Illuminate\\Pipeline\\Pipeline->Illuminate\\Pipeline\\{closure}()
#23 /var/www/vhosts/epic-driscoll.161-97-115-110.plesk.page/httpdocs/loan/vendor/laravel/framework/src/Illuminate/Pipeline/Pipeline.php(167): Illuminate\\Foundation\\Http\\Middleware\\ValidatePostSize->handle()
#24 /var/www/vhosts/epic-driscoll.161-97-115-110.plesk.page/httpdocs/loan/vendor/laravel/framework/src/Illuminate/Foundation/Http/Middleware/PreventRequestsDuringMaintenance.php(86): Illuminate\\Pipeline\\Pipeline->Illuminate\\Pipeline\\{closure}()
#25 /var/www/vhosts/epic-driscoll.161-97-115-110.plesk.page/httpdocs/loan/vendor/laravel/framework/src/Illuminate/Pipeline/Pipeline.php(167): Illuminate\\Foundation\\Http\\Middleware\\PreventRequestsDuringMaintenance->handle()
#26 /var/www/vhosts/epic-driscoll.161-97-115-110.plesk.page/httpdocs/loan/vendor/fruitcake/laravel-cors/src/HandleCors.php(38): Illuminate\\Pipeline\\Pipeline->Illuminate\\Pipeline\\{closure}()
#27 /var/www/vhosts/epic-driscoll.161-97-115-110.plesk.page/httpdocs/loan/vendor/laravel/framework/src/Illuminate/Pipeline/Pipeline.php(167): Fruitcake\\Cors\\HandleCors->handle()
#28 /var/www/vhosts/epic-driscoll.161-97-115-110.plesk.page/httpdocs/loan/vendor/fideloper/proxy/src/TrustProxies.php(57): Illuminate\\Pipeline\\Pipeline->Illuminate\\Pipeline\\{closure}()
#29 /var/www/vhosts/epic-driscoll.161-97-115-110.plesk.page/httpdocs/loan/vendor/laravel/framework/src/Illuminate/Pipeline/Pipeline.php(167): Fideloper\\Proxy\\TrustProxies->handle()
#30 /var/www/vhosts/epic-driscoll.161-97-115-110.plesk.page/httpdocs/loan/vendor/laravel/framework/src/Illuminate/Pipeline/Pipeline.php(103): Illuminate\\Pipeline\\Pipeline->Illuminate\\Pipeline\\{closure}()
#31 /var/www/vhosts/epic-driscoll.161-97-115-110.plesk.page/httpdocs/loan/vendor/laravel/framework/src/Illuminate/Foundation/Http/Kernel.php(142): Illuminate\\Pipeline\\Pipeline->then()
#32 /var/www/vhosts/epic-driscoll.161-97-115-110.plesk.page/httpdocs/loan/vendor/laravel/framework/src/Illuminate/Foundation/Http/Kernel.php(111): Illuminate\\Foundation\\Http\\Kernel->sendRequestThroughRouter()
#33 /var/www/vhosts/epic-driscoll.161-97-115-110.plesk.page/httpdocs/loan/public/index.php(52): Illuminate\\Foundation\\Http\\Kernel->handle()
#34 {main}
"} 
[2022-03-15 13:06:49] local.ERROR: View [auth.login] not found. {"exception":"[object] (InvalidArgumentException(code: 0): View [auth.login] not found. at /var/www/vhosts/epic-driscoll.161-97-115-110.plesk.page/httpdocs/loan/vendor/laravel/framework/src/Illuminate/View/FileViewFinder.php:137)
[stacktrace]
#0 /var/www/vhosts/epic-driscoll.161-97-115-110.plesk.page/httpdocs/loan/vendor/laravel/framework/src/Illuminate/View/FileViewFinder.php(79): Illuminate\\View\\FileViewFinder->findInPaths()
#1 /var/www/vhosts/epic-driscoll.161-97-115-110.plesk.page/httpdocs/loan/vendor/laravel/framework/src/Illuminate/View/Factory.php(138): Illuminate\\View\\FileViewFinder->find()
#2 /var/www/vhosts/epic-driscoll.161-97-115-110.plesk.page/httpdocs/loan/vendor/laravel/framework/src/Illuminate/Foundation/helpers.php(932): Illuminate\\View\\Factory->make()
#3 /var/www/vhosts/epic-driscoll.161-97-115-110.plesk.page/httpdocs/loan/vendor/laravel/ui/auth-backend/AuthenticatesUsers.php(21): view()
#4 /var/www/vhosts/epic-driscoll.161-97-115-110.plesk.page/httpdocs/loan/vendor/laravel/framework/src/Illuminate/Routing/Controller.php(54): App\\Http\\Controllers\\Auth\\LoginController->showLoginForm()
#5 /var/www/vhosts/epic-driscoll.161-97-115-110.plesk.page/httpdocs/loan/vendor/laravel/framework/src/Illuminate/Routing/ControllerDispatcher.php(45): Illuminate\\Routing\\Controller->callAction()
#6 /var/www/vhosts/epic-driscoll.161-97-115-110.plesk.page/httpdocs/loan/vendor/laravel/framework/src/Illuminate/Routing/Route.php(262): Illuminate\\Routing\\ControllerDispatcher->dispatch()
#7 /var/www/vhosts/epic-driscoll.161-97-115-110.plesk.page/httpdocs/loan/vendor/laravel/framework/src/Illuminate/Routing/Route.php(205): Illuminate\\Routing\\Route->runController()
#8 /var/www/vhosts/epic-driscoll.161-97-115-110.plesk.page/httpdocs/loan/vendor/laravel/framework/src/Illuminate/Routing/Router.php(721): Illuminate\\Routing\\Route->run()
#9 /var/www/vhosts/epic-driscoll.161-97-115-110.plesk.page/httpdocs/loan/vendor/laravel/framework/src/Illuminate/Pipeline/Pipeline.php(128): Illuminate\\Routing\\Router->Illuminate\\Routing\\{closure}()
#10 /var/www/vhosts/epic-driscoll.161-97-115-110.plesk.page/httpdocs/loan/app/Http/Middleware/RedirectIfAuthenticated.php(30): Illuminate\\Pipeline\\Pipeline->Illuminate\\Pipeline\\{closure}()
#11 /var/www/vhosts/epic-driscoll.161-97-115-110.plesk.page/httpdocs/loan/vendor/laravel/framework/src/Illuminate/Pipeline/Pipeline.php(167): App\\Http\\Middleware\\RedirectIfAuthenticated->handle()
#12 /var/www/vhosts/epic-driscoll.161-97-115-110.plesk.page/httpdocs/loan/app/Http/Middleware/SetLocale.php(24): Illuminate\\Pipeline\\Pipeline->Illuminate\\Pipeline\\{closure}()
#13 /var/www/vhosts/epic-driscoll.161-97-115-110.plesk.page/httpdocs/loan/vendor/laravel/framework/src/Illuminate/Pipeline/Pipeline.php(167): App\\Http\\Middleware\\SetLocale->handle()
#14 /var/www/vhosts/epic-driscoll.161-97-115-110.plesk.page/httpdocs/loan/app/Http/Middleware/AuthGates.php(29): Illuminate\\Pipeline\\Pipeline->Illuminate\\Pipeline\\{closure}()
#15 /var/www/vhosts/epic-driscoll.161-97-115-110.plesk.page/httpdocs/loan/vendor/laravel/framework/src/Illuminate/Pipeline/Pipeline.php(167): App\\Http\\Middleware\\AuthGates->handle()
#16 /var/www/vhosts/epic-driscoll.161-97-115-110.plesk.page/httpdocs/loan/vendor/laravel/framework/src/Illuminate/Routing/Middleware/SubstituteBindings.php(50): Illuminate\\Pipeline\\Pipeline->Illuminate\\Pipeline\\{closure}()
#17 /var/www/vhosts/epic-driscoll.161-97-115-110.plesk.page/httpdocs/loan/vendor/laravel/framework/src/Illuminate/Pipeline/Pipeline.php(167): Illuminate\\Routing\\Middleware\\SubstituteBindings->handle()
#18 /var/www/vhosts/epic-driscoll.161-97-115-110.plesk.page/httpdocs/loan/vendor/laravel/framework/src/Illuminate/Foundation/Http/Middleware/VerifyCsrfToken.php(78): Illuminate\\Pipeline\\Pipeline->Illuminate\\Pipeline\\{closure}()
#19 /var/www/vhosts/epic-driscoll.161-97-115-110.plesk.page/httpdocs/loan/vendor/laravel/framework/src/Illuminate/Pipeline/Pipeline.php(167): Illuminate\\Foundation\\Http\\Middleware\\VerifyCsrfToken->handle()
#20 /var/www/vhosts/epic-driscoll.161-97-115-110.plesk.page/httpdocs/loan/vendor/laravel/framework/src/Illuminate/View/Middleware/ShareErrorsFromSession.php(49): Illuminate\\Pipeline\\Pipeline->Illuminate\\Pipeline\\{closure}()
#21 /var/www/vhosts/epic-driscoll.161-97-115-110.plesk.page/httpdocs/loan/vendor/laravel/framework/src/Illuminate/Pipeline/Pipeline.php(167): Illuminate\\View\\Middleware\\ShareErrorsFromSession->handle()
#22 /var/www/vhosts/epic-driscoll.161-97-115-110.plesk.page/httpdocs/loan/vendor/laravel/framework/src/Illuminate/Session/Middleware/StartSession.php(121): Illuminate\\Pipeline\\Pipeline->Illuminate\\Pipeline\\{closure}()
#23 /var/www/vhosts/epic-driscoll.161-97-115-110.plesk.page/httpdocs/loan/vendor/laravel/framework/src/Illuminate/Session/Middleware/StartSession.php(64): Illuminate\\Session\\Middleware\\StartSession->handleStatefulRequest()
#24 /var/www/vhosts/epic-driscoll.161-97-115-110.plesk.page/httpdocs/loan/vendor/laravel/framework/src/Illuminate/Pipeline/Pipeline.php(167): Illuminate\\Session\\Middleware\\StartSession->handle()
#25 /var/www/vhosts/epic-driscoll.161-97-115-110.plesk.page/httpdocs/loan/vendor/laravel/framework/src/Illuminate/Cookie/Middleware/AddQueuedCookiesToResponse.php(37): Illuminate\\Pipeline\\Pipeline->Illuminate\\Pipeline\\{closure}()
#26 /var/www/vhosts/epic-driscoll.161-97-115-110.plesk.page/httpdocs/loan/vendor/laravel/framework/src/Illuminate/Pipeline/Pipeline.php(167): Illuminate\\Cookie\\Middleware\\AddQueuedCookiesToResponse->handle()
#27 /var/www/vhosts/epic-driscoll.161-97-115-110.plesk.page/httpdocs/loan/vendor/laravel/framework/src/Illuminate/Cookie/Middleware/EncryptCookies.php(67): Illuminate\\Pipeline\\Pipeline->Illuminate\\Pipeline\\{closure}()
#28 /var/www/vhosts/epic-driscoll.161-97-115-110.plesk.page/httpdocs/loan/vendor/laravel/framework/src/Illuminate/Pipeline/Pipeline.php(167): Illuminate\\Cookie\\Middleware\\EncryptCookies->handle()
#29 /var/www/vhosts/epic-driscoll.161-97-115-110.plesk.page/httpdocs/loan/vendor/laravel/framework/src/Illuminate/Pipeline/Pipeline.php(103): Illuminate\\Pipeline\\Pipeline->Illuminate\\Pipeline\\{closure}()
#30 /var/www/vhosts/epic-driscoll.161-97-115-110.plesk.page/httpdocs/loan/vendor/laravel/framework/src/Illuminate/Routing/Router.php(723): Illuminate\\Pipeline\\Pipeline->then()
#31 /var/www/vhosts/epic-driscoll.161-97-115-110.plesk.page/httpdocs/loan/vendor/laravel/framework/src/Illuminate/Routing/Router.php(698): Illuminate\\Routing\\Router->runRouteWithinStack()
#32 /var/www/vhosts/epic-driscoll.161-97-115-110.plesk.page/httpdocs/loan/vendor/laravel/framework/src/Illuminate/Routing/Router.php(662): Illuminate\\Routing\\Router->runRoute()
#33 /var/www/vhosts/epic-driscoll.161-97-115-110.plesk.page/httpdocs/loan/vendor/laravel/framework/src/Illuminate/Routing/Router.php(651): Illuminate\\Routing\\Router->dispatchToRoute()
#34 /var/www/vhosts/epic-driscoll.161-97-115-110.plesk.page/httpdocs/loan/vendor/laravel/framework/src/Illuminate/Foundation/Http/Kernel.php(167): Illuminate\\Routing\\Router->dispatch()
#35 /var/www/vhosts/epic-driscoll.161-97-115-110.plesk.page/httpdocs/loan/vendor/laravel/framework/src/Illuminate/Pipeline/Pipeline.php(128): Illuminate\\Foundation\\Http\\Kernel->Illuminate\\Foundation\\Http\\{closure}()
#36 /var/www/vhosts/epic-driscoll.161-97-115-110.plesk.page/httpdocs/loan/vendor/laravel/framework/src/Illuminate/Foundation/Http/Middleware/TransformsRequest.php(21): Illuminate\\Pipeline\\Pipeline->Illuminate\\Pipeline\\{closure}()
#37 /var/www/vhosts/epic-driscoll.161-97-115-110.plesk.page/httpdocs/loan/vendor/laravel/framework/src/Illuminate/Foundation/Http/Middleware/ConvertEmptyStringsToNull.php(31): Illuminate\\Foundation\\Http\\Middleware\\TransformsRequest->handle()
#38 /var/www/vhosts/epic-driscoll.161-97-115-110.plesk.page/httpdocs/loan/vendor/laravel/framework/src/Illuminate/Pipeline/Pipeline.php(167): Illuminate\\Foundation\\Http\\Middleware\\ConvertEmptyStringsToNull->handle()
#39 /var/www/vhosts/epic-driscoll.161-97-115-110.plesk.page/httpdocs/loan/vendor/laravel/framework/src/Illuminate/Foundation/Http/Middleware/TransformsRequest.php(21): Illuminate\\Pipeline\\Pipeline->Illuminate\\Pipeline\\{closure}()
#40 /var/www/vhosts/epic-driscoll.161-97-115-110.plesk.page/httpdocs/loan/vendor/laravel/framework/src/Illuminate/Foundation/Http/Middleware/TrimStrings.php(40): Illuminate\\Foundation\\Http\\Middleware\\TransformsRequest->handle()
#41 /var/www/vhosts/epic-driscoll.161-97-115-110.plesk.page/httpdocs/loan/vendor/laravel/framework/src/Illuminate/Pipeline/Pipeline.php(167): Illuminate\\Foundation\\Http\\Middleware\\TrimStrings->handle()
#42 /var/www/vhosts/epic-driscoll.161-97-115-110.plesk.page/httpdocs/loan/vendor/laravel/framework/src/Illuminate/Foundation/Http/Middleware/ValidatePostSize.php(27): Illuminate\\Pipeline\\Pipeline->Illuminate\\Pipeline\\{closure}()
#43 /var/www/vhosts/epic-driscoll.161-97-115-110.plesk.page/httpdocs/loan/vendor/laravel/framework/src/Illuminate/Pipeline/Pipeline.php(167): Illuminate\\Foundation\\Http\\Middleware\\ValidatePostSize->handle()
#44 /var/www/vhosts/epic-driscoll.161-97-115-110.plesk.page/httpdocs/loan/vendor/laravel/framework/src/Illuminate/Foundation/Http/Middleware/PreventRequestsDuringMaintenance.php(86): Illuminate\\Pipeline\\Pipeline->Illuminate\\Pipeline\\{closure}()
#45 /var/www/vhosts/epic-driscoll.161-97-115-110.plesk.page/httpdocs/loan/vendor/laravel/framework/src/Illuminate/Pipeline/Pipeline.php(167): Illuminate\\Foundation\\Http\\Middleware\\PreventRequestsDuringMaintenance->handle()
#46 /var/www/vhosts/epic-driscoll.161-97-115-110.plesk.page/httpdocs/loan/vendor/fruitcake/laravel-cors/src/HandleCors.php(38): Illuminate\\Pipeline\\Pipeline->Illuminate\\Pipeline\\{closure}()
#47 /var/www/vhosts/epic-driscoll.161-97-115-110.plesk.page/httpdocs/loan/vendor/laravel/framework/src/Illuminate/Pipeline/Pipeline.php(167): Fruitcake\\Cors\\HandleCors->handle()
#48 /var/www/vhosts/epic-driscoll.161-97-115-110.plesk.page/httpdocs/loan/vendor/fideloper/proxy/src/TrustProxies.php(57): Illuminate\\Pipeline\\Pipeline->Illuminate\\Pipeline\\{closure}()
#49 /var/www/vhosts/epic-driscoll.161-97-115-110.plesk.page/httpdocs/loan/vendor/laravel/framework/src/Illuminate/Pipeline/Pipeline.php(167): Fideloper\\Proxy\\TrustProxies->handle()
#50 /var/www/vhosts/epic-driscoll.161-97-115-110.plesk.page/httpdocs/loan/vendor/laravel/framework/src/Illuminate/Pipeline/Pipeline.php(103): Illuminate\\Pipeline\\Pipeline->Illuminate\\Pipeline\\{closure}()
#51 /var/www/vhosts/epic-driscoll.161-97-115-110.plesk.page/httpdocs/loan/vendor/laravel/framework/src/Illuminate/Foundation/Http/Kernel.php(142): Illuminate\\Pipeline\\Pipeline->then()
#52 /var/www/vhosts/epic-driscoll.161-97-115-110.plesk.page/httpdocs/loan/vendor/laravel/framework/src/Illuminate/Foundation/Http/Kernel.php(111): Illuminate\\Foundation\\Http\\Kernel->sendRequestThroughRouter()
#53 /var/www/vhosts/epic-driscoll.161-97-115-110.plesk.page/httpdocs/loan/public/index.php(52): Illuminate\\Foundation\\Http\\Kernel->handle()
#54 {main}
"} 
[2022-03-15 13:06:49] local.ERROR: file_put_contents(C:\xampp\htdocs\loan\storage\framework/sessions/ZdTxUvKWndNhPBHnH7CfSo53P86PVSliOKzxSBSt): failed to open stream: No such file or directory {"exception":"[object] (ErrorException(code: 0): file_put_contents(C:\\xampp\\htdocs\\loan\\storage\\framework/sessions/ZdTxUvKWndNhPBHnH7CfSo53P86PVSliOKzxSBSt): failed to open stream: No such file or directory at /var/www/vhosts/epic-driscoll.161-97-115-110.plesk.page/httpdocs/loan/vendor/laravel/framework/src/Illuminate/Filesystem/Filesystem.php:187)
[stacktrace]
#0 [internal function]: Illuminate\\Foundation\\Bootstrap\\HandleExceptions->handleError()
#1 /var/www/vhosts/epic-driscoll.161-97-115-110.plesk.page/httpdocs/loan/vendor/laravel/framework/src/Illuminate/Filesystem/Filesystem.php(187): file_put_contents()
#2 /var/www/vhosts/epic-driscoll.161-97-115-110.plesk.page/httpdocs/loan/vendor/laravel/framework/src/Illuminate/Session/FileSessionHandler.php(95): Illuminate\\Filesystem\\Filesystem->put()
#3 /var/www/vhosts/epic-driscoll.161-97-115-110.plesk.page/httpdocs/loan/vendor/laravel/framework/src/Illuminate/Session/Store.php(129): Illuminate\\Session\\FileSessionHandler->write()
#4 /var/www/vhosts/epic-driscoll.161-97-115-110.plesk.page/httpdocs/loan/vendor/laravel/framework/src/Illuminate/Session/Middleware/StartSession.php(236): Illuminate\\Session\\Store->save()
#5 /var/www/vhosts/epic-driscoll.161-97-115-110.plesk.page/httpdocs/loan/vendor/laravel/framework/src/Illuminate/Session/Middleware/StartSession.php(130): Illuminate\\Session\\Middleware\\StartSession->saveSession()
#6 /var/www/vhosts/epic-driscoll.161-97-115-110.plesk.page/httpdocs/loan/vendor/laravel/framework/src/Illuminate/Session/Middleware/StartSession.php(64): Illuminate\\Session\\Middleware\\StartSession->handleStatefulRequest()
#7 /var/www/vhosts/epic-driscoll.161-97-115-110.plesk.page/httpdocs/loan/vendor/laravel/framework/src/Illuminate/Pipeline/Pipeline.php(167): Illuminate\\Session\\Middleware\\StartSession->handle()
#8 /var/www/vhosts/epic-driscoll.161-97-115-110.plesk.page/httpdocs/loan/vendor/laravel/framework/src/Illuminate/Cookie/Middleware/AddQueuedCookiesToResponse.php(37): Illuminate\\Pipeline\\Pipeline->Illuminate\\Pipeline\\{closure}()
#9 /var/www/vhosts/epic-driscoll.161-97-115-110.plesk.page/httpdocs/loan/vendor/laravel/framework/src/Illuminate/Pipeline/Pipeline.php(167): Illuminate\\Cookie\\Middleware\\AddQueuedCookiesToResponse->handle()
#10 /var/www/vhosts/epic-driscoll.161-97-115-110.plesk.page/httpdocs/loan/vendor/laravel/framework/src/Illuminate/Cookie/Middleware/EncryptCookies.php(67): Illuminate\\Pipeline\\Pipeline->Illuminate\\Pipeline\\{closure}()
#11 /var/www/vhosts/epic-driscoll.161-97-115-110.plesk.page/httpdocs/loan/vendor/laravel/framework/src/Illuminate/Pipeline/Pipeline.php(167): Illuminate\\Cookie\\Middleware\\EncryptCookies->handle()
#12 /var/www/vhosts/epic-driscoll.161-97-115-110.plesk.page/httpdocs/loan/vendor/laravel/framework/src/Illuminate/Pipeline/Pipeline.php(103): Illuminate\\Pipeline\\Pipeline->Illuminate\\Pipeline\\{closure}()
#13 /var/www/vhosts/epic-driscoll.161-97-115-110.plesk.page/httpdocs/loan/vendor/laravel/framework/src/Illuminate/Routing/Router.php(723): Illuminate\\Pipeline\\Pipeline->then()
#14 /var/www/vhosts/epic-driscoll.161-97-115-110.plesk.page/httpdocs/loan/vendor/laravel/framework/src/Illuminate/Routing/Router.php(698): Illuminate\\Routing\\Router->runRouteWithinStack()
#15 /var/www/vhosts/epic-driscoll.161-97-115-110.plesk.page/httpdocs/loan/vendor/laravel/framework/src/Illuminate/Routing/Router.php(662): Illuminate\\Routing\\Router->runRoute()
#16 /var/www/vhosts/epic-driscoll.161-97-115-110.plesk.page/httpdocs/loan/vendor/laravel/framework/src/Illuminate/Routing/Router.php(651): Illuminate\\Routing\\Router->dispatchToRoute()
#17 /var/www/vhosts/epic-driscoll.161-97-115-110.plesk.page/httpdocs/loan/vendor/laravel/framework/src/Illuminate/Foundation/Http/Kernel.php(167): Illuminate\\Routing\\Router->dispatch()
#18 /var/www/vhosts/epic-driscoll.161-97-115-110.plesk.page/httpdocs/loan/vendor/laravel/framework/src/Illuminate/Pipeline/Pipeline.php(128): Illuminate\\Foundation\\Http\\Kernel->Illuminate\\Foundation\\Http\\{closure}()
#19 /var/www/vhosts/epic-driscoll.161-97-115-110.plesk.page/httpdocs/loan/vendor/laravel/framework/src/Illuminate/Foundation/Http/Middleware/TransformsRequest.php(21): Illuminate\\Pipeline\\Pipeline->Illuminate\\Pipeline\\{closure}()
#20 /var/www/vhosts/epic-driscoll.161-97-115-110.plesk.page/httpdocs/loan/vendor/laravel/framework/src/Illuminate/Foundation/Http/Middleware/ConvertEmptyStringsToNull.php(31): Illuminate\\Foundation\\Http\\Middleware\\TransformsRequest->handle()
#21 /var/www/vhosts/epic-driscoll.161-97-115-110.plesk.page/httpdocs/loan/vendor/laravel/framework/src/Illuminate/Pipeline/Pipeline.php(167): Illuminate\\Foundation\\Http\\Middleware\\ConvertEmptyStringsToNull->handle()
#22 /var/www/vhosts/epic-driscoll.161-97-115-110.plesk.page/httpdocs/loan/vendor/laravel/framework/src/Illuminate/Foundation/Http/Middleware/TransformsRequest.php(21): Illuminate\\Pipeline\\Pipeline->Illuminate\\Pipeline\\{closure}()
#23 /var/www/vhosts/epic-driscoll.161-97-115-110.plesk.page/httpdocs/loan/vendor/laravel/framework/src/Illuminate/Foundation/Http/Middleware/TrimStrings.php(40): Illuminate\\Foundation\\Http\\Middleware\\TransformsRequest->handle()
#24 /var/www/vhosts/epic-driscoll.161-97-115-110.plesk.page/httpdocs/loan/vendor/laravel/framework/src/Illuminate/Pipeline/Pipeline.php(167): Illuminate\\Foundation\\Http\\Middleware\\TrimStrings->handle()
#25 /var/www/vhosts/epic-driscoll.161-97-115-110.plesk.page/httpdocs/loan/vendor/laravel/framework/src/Illuminate/Foundation/Http/Middleware/ValidatePostSize.php(27): Illuminate\\Pipeline\\Pipeline->Illuminate\\Pipeline\\{closure}()
#26 /var/www/vhosts/epic-driscoll.161-97-115-110.plesk.page/httpdocs/loan/vendor/laravel/framework/src/Illuminate/Pipeline/Pipeline.php(167): Illuminate\\Foundation\\Http\\Middleware\\ValidatePostSize->handle()
#27 /var/www/vhosts/epic-driscoll.161-97-115-110.plesk.page/httpdocs/loan/vendor/laravel/framework/src/Illuminate/Foundation/Http/Middleware/PreventRequestsDuringMaintenance.php(86): Illuminate\\Pipeline\\Pipeline->Illuminate\\Pipeline\\{closure}()
#28 /var/www/vhosts/epic-driscoll.161-97-115-110.plesk.page/httpdocs/loan/vendor/laravel/framework/src/Illuminate/Pipeline/Pipeline.php(167): Illuminate\\Foundation\\Http\\Middleware\\PreventRequestsDuringMaintenance->handle()
#29 /var/www/vhosts/epic-driscoll.161-97-115-110.plesk.page/httpdocs/loan/vendor/fruitcake/laravel-cors/src/HandleCors.php(38): Illuminate\\Pipeline\\Pipeline->Illuminate\\Pipeline\\{closure}()
#30 /var/www/vhosts/epic-driscoll.161-97-115-110.plesk.page/httpdocs/loan/vendor/laravel/framework/src/Illuminate/Pipeline/Pipeline.php(167): Fruitcake\\Cors\\HandleCors->handle()
#31 /var/www/vhosts/epic-driscoll.161-97-115-110.plesk.page/httpdocs/loan/vendor/fideloper/proxy/src/TrustProxies.php(57): Illuminate\\Pipeline\\Pipeline->Illuminate\\Pipeline\\{closure}()
#32 /var/www/vhosts/epic-driscoll.161-97-115-110.plesk.page/httpdocs/loan/vendor/laravel/framework/src/Illuminate/Pipeline/Pipeline.php(167): Fideloper\\Proxy\\TrustProxies->handle()
#33 /var/www/vhosts/epic-driscoll.161-97-115-110.plesk.page/httpdocs/loan/vendor/laravel/framework/src/Illuminate/Pipeline/Pipeline.php(103): Illuminate\\Pipeline\\Pipeline->Illuminate\\Pipeline\\{closure}()
#34 /var/www/vhosts/epic-driscoll.161-97-115-110.plesk.page/httpdocs/loan/vendor/laravel/framework/src/Illuminate/Foundation/Http/Kernel.php(142): Illuminate\\Pipeline\\Pipeline->then()
#35 /var/www/vhosts/epic-driscoll.161-97-115-110.plesk.page/httpdocs/loan/vendor/laravel/framework/src/Illuminate/Foundation/Http/Kernel.php(111): Illuminate\\Foundation\\Http\\Kernel->sendRequestThroughRouter()
#36 /var/www/vhosts/epic-driscoll.161-97-115-110.plesk.page/httpdocs/loan/public/index.php(52): Illuminate\\Foundation\\Http\\Kernel->handle()
#37 {main}
"} 
[2022-03-15 13:07:05] local.ERROR: View [auth.login] not found. {"exception":"[object] (InvalidArgumentException(code: 0): View [auth.login] not found. at /var/www/vhosts/epic-driscoll.161-97-115-110.plesk.page/httpdocs/loan/vendor/laravel/framework/src/Illuminate/View/FileViewFinder.php:137)
[stacktrace]
#0 /var/www/vhosts/epic-driscoll.161-97-115-110.plesk.page/httpdocs/loan/vendor/laravel/framework/src/Illuminate/View/FileViewFinder.php(79): Illuminate\\View\\FileViewFinder->findInPaths()
#1 /var/www/vhosts/epic-driscoll.161-97-115-110.plesk.page/httpdocs/loan/vendor/laravel/framework/src/Illuminate/View/Factory.php(138): Illuminate\\View\\FileViewFinder->find()
#2 /var/www/vhosts/epic-driscoll.161-97-115-110.plesk.page/httpdocs/loan/vendor/laravel/framework/src/Illuminate/Foundation/helpers.php(932): Illuminate\\View\\Factory->make()
#3 /var/www/vhosts/epic-driscoll.161-97-115-110.plesk.page/httpdocs/loan/vendor/laravel/ui/auth-backend/AuthenticatesUsers.php(21): view()
#4 /var/www/vhosts/epic-driscoll.161-97-115-110.plesk.page/httpdocs/loan/vendor/laravel/framework/src/Illuminate/Routing/Controller.php(54): App\\Http\\Controllers\\Auth\\LoginController->showLoginForm()
#5 /var/www/vhosts/epic-driscoll.161-97-115-110.plesk.page/httpdocs/loan/vendor/laravel/framework/src/Illuminate/Routing/ControllerDispatcher.php(45): Illuminate\\Routing\\Controller->callAction()
#6 /var/www/vhosts/epic-driscoll.161-97-115-110.plesk.page/httpdocs/loan/vendor/laravel/framework/src/Illuminate/Routing/Route.php(262): Illuminate\\Routing\\ControllerDispatcher->dispatch()
#7 /var/www/vhosts/epic-driscoll.161-97-115-110.plesk.page/httpdocs/loan/vendor/laravel/framework/src/Illuminate/Routing/Route.php(205): Illuminate\\Routing\\Route->runController()
#8 /var/www/vhosts/epic-driscoll.161-97-115-110.plesk.page/httpdocs/loan/vendor/laravel/framework/src/Illuminate/Routing/Router.php(721): Illuminate\\Routing\\Route->run()
#9 /var/www/vhosts/epic-driscoll.161-97-115-110.plesk.page/httpdocs/loan/vendor/laravel/framework/src/Illuminate/Pipeline/Pipeline.php(128): Illuminate\\Routing\\Router->Illuminate\\Routing\\{closure}()
#10 /var/www/vhosts/epic-driscoll.161-97-115-110.plesk.page/httpdocs/loan/app/Http/Middleware/RedirectIfAuthenticated.php(30): Illuminate\\Pipeline\\Pipeline->Illuminate\\Pipeline\\{closure}()
#11 /var/www/vhosts/epic-driscoll.161-97-115-110.plesk.page/httpdocs/loan/vendor/laravel/framework/src/Illuminate/Pipeline/Pipeline.php(167): App\\Http\\Middleware\\RedirectIfAuthenticated->handle()
#12 /var/www/vhosts/epic-driscoll.161-97-115-110.plesk.page/httpdocs/loan/app/Http/Middleware/SetLocale.php(24): Illuminate\\Pipeline\\Pipeline->Illuminate\\Pipeline\\{closure}()
#13 /var/www/vhosts/epic-driscoll.161-97-115-110.plesk.page/httpdocs/loan/vendor/laravel/framework/src/Illuminate/Pipeline/Pipeline.php(167): App\\Http\\Middleware\\SetLocale->handle()
#14 /var/www/vhosts/epic-driscoll.161-97-115-110.plesk.page/httpdocs/loan/app/Http/Middleware/AuthGates.php(29): Illuminate\\Pipeline\\Pipeline->Illuminate\\Pipeline\\{closure}()
#15 /var/www/vhosts/epic-driscoll.161-97-115-110.plesk.page/httpdocs/loan/vendor/laravel/framework/src/Illuminate/Pipeline/Pipeline.php(167): App\\Http\\Middleware\\AuthGates->handle()
#16 /var/www/vhosts/epic-driscoll.161-97-115-110.plesk.page/httpdocs/loan/vendor/laravel/framework/src/Illuminate/Routing/Middleware/SubstituteBindings.php(50): Illuminate\\Pipeline\\Pipeline->Illuminate\\Pipeline\\{closure}()
#17 /var/www/vhosts/epic-driscoll.161-97-115-110.plesk.page/httpdocs/loan/vendor/laravel/framework/src/Illuminate/Pipeline/Pipeline.php(167): Illuminate\\Routing\\Middleware\\SubstituteBindings->handle()
#18 /var/www/vhosts/epic-driscoll.161-97-115-110.plesk.page/httpdocs/loan/vendor/laravel/framework/src/Illuminate/Foundation/Http/Middleware/VerifyCsrfToken.php(78): Illuminate\\Pipeline\\Pipeline->Illuminate\\Pipeline\\{closure}()
#19 /var/www/vhosts/epic-driscoll.161-97-115-110.plesk.page/httpdocs/loan/vendor/laravel/framework/src/Illuminate/Pipeline/Pipeline.php(167): Illuminate\\Foundation\\Http\\Middleware\\VerifyCsrfToken->handle()
#20 /var/www/vhosts/epic-driscoll.161-97-115-110.plesk.page/httpdocs/loan/vendor/laravel/framework/src/Illuminate/View/Middleware/ShareErrorsFromSession.php(49): Illuminate\\Pipeline\\Pipeline->Illuminate\\Pipeline\\{closure}()
#21 /var/www/vhosts/epic-driscoll.161-97-115-110.plesk.page/httpdocs/loan/vendor/laravel/framework/src/Illuminate/Pipeline/Pipeline.php(167): Illuminate\\View\\Middleware\\ShareErrorsFromSession->handle()
#22 /var/www/vhosts/epic-driscoll.161-97-115-110.plesk.page/httpdocs/loan/vendor/laravel/framework/src/Illuminate/Session/Middleware/StartSession.php(121): Illuminate\\Pipeline\\Pipeline->Illuminate\\Pipeline\\{closure}()
#23 /var/www/vhosts/epic-driscoll.161-97-115-110.plesk.page/httpdocs/loan/vendor/laravel/framework/src/Illuminate/Session/Middleware/StartSession.php(64): Illuminate\\Session\\Middleware\\StartSession->handleStatefulRequest()
#24 /var/www/vhosts/epic-driscoll.161-97-115-110.plesk.page/httpdocs/loan/vendor/laravel/framework/src/Illuminate/Pipeline/Pipeline.php(167): Illuminate\\Session\\Middleware\\StartSession->handle()
#25 /var/www/vhosts/epic-driscoll.161-97-115-110.plesk.page/httpdocs/loan/vendor/laravel/framework/src/Illuminate/Cookie/Middleware/AddQueuedCookiesToResponse.php(37): Illuminate\\Pipeline\\Pipeline->Illuminate\\Pipeline\\{closure}()
#26 /var/www/vhosts/epic-driscoll.161-97-115-110.plesk.page/httpdocs/loan/vendor/laravel/framework/src/Illuminate/Pipeline/Pipeline.php(167): Illuminate\\Cookie\\Middleware\\AddQueuedCookiesToResponse->handle()
#27 /var/www/vhosts/epic-driscoll.161-97-115-110.plesk.page/httpdocs/loan/vendor/laravel/framework/src/Illuminate/Cookie/Middleware/EncryptCookies.php(67): Illuminate\\Pipeline\\Pipeline->Illuminate\\Pipeline\\{closure}()
#28 /var/www/vhosts/epic-driscoll.161-97-115-110.plesk.page/httpdocs/loan/vendor/laravel/framework/src/Illuminate/Pipeline/Pipeline.php(167): Illuminate\\Cookie\\Middleware\\EncryptCookies->handle()
#29 /var/www/vhosts/epic-driscoll.161-97-115-110.plesk.page/httpdocs/loan/vendor/laravel/framework/src/Illuminate/Pipeline/Pipeline.php(103): Illuminate\\Pipeline\\Pipeline->Illuminate\\Pipeline\\{closure}()
#30 /var/www/vhosts/epic-driscoll.161-97-115-110.plesk.page/httpdocs/loan/vendor/laravel/framework/src/Illuminate/Routing/Router.php(723): Illuminate\\Pipeline\\Pipeline->then()
#31 /var/www/vhosts/epic-driscoll.161-97-115-110.plesk.page/httpdocs/loan/vendor/laravel/framework/src/Illuminate/Routing/Router.php(698): Illuminate\\Routing\\Router->runRouteWithinStack()
#32 /var/www/vhosts/epic-driscoll.161-97-115-110.plesk.page/httpdocs/loan/vendor/laravel/framework/src/Illuminate/Routing/Router.php(662): Illuminate\\Routing\\Router->runRoute()
#33 /var/www/vhosts/epic-driscoll.161-97-115-110.plesk.page/httpdocs/loan/vendor/laravel/framework/src/Illuminate/Routing/Router.php(651): Illuminate\\Routing\\Router->dispatchToRoute()
#34 /var/www/vhosts/epic-driscoll.161-97-115-110.plesk.page/httpdocs/loan/vendor/laravel/framework/src/Illuminate/Foundation/Http/Kernel.php(167): Illuminate\\Routing\\Router->dispatch()
#35 /var/www/vhosts/epic-driscoll.161-97-115-110.plesk.page/httpdocs/loan/vendor/laravel/framework/src/Illuminate/Pipeline/Pipeline.php(128): Illuminate\\Foundation\\Http\\Kernel->Illuminate\\Foundation\\Http\\{closure}()
#36 /var/www/vhosts/epic-driscoll.161-97-115-110.plesk.page/httpdocs/loan/vendor/laravel/framework/src/Illuminate/Foundation/Http/Middleware/TransformsRequest.php(21): Illuminate\\Pipeline\\Pipeline->Illuminate\\Pipeline\\{closure}()
#37 /var/www/vhosts/epic-driscoll.161-97-115-110.plesk.page/httpdocs/loan/vendor/laravel/framework/src/Illuminate/Foundation/Http/Middleware/ConvertEmptyStringsToNull.php(31): Illuminate\\Foundation\\Http\\Middleware\\TransformsRequest->handle()
#38 /var/www/vhosts/epic-driscoll.161-97-115-110.plesk.page/httpdocs/loan/vendor/laravel/framework/src/Illuminate/Pipeline/Pipeline.php(167): Illuminate\\Foundation\\Http\\Middleware\\ConvertEmptyStringsToNull->handle()
#39 /var/www/vhosts/epic-driscoll.161-97-115-110.plesk.page/httpdocs/loan/vendor/laravel/framework/src/Illuminate/Foundation/Http/Middleware/TransformsRequest.php(21): Illuminate\\Pipeline\\Pipeline->Illuminate\\Pipeline\\{closure}()
#40 /var/www/vhosts/epic-driscoll.161-97-115-110.plesk.page/httpdocs/loan/vendor/laravel/framework/src/Illuminate/Foundation/Http/Middleware/TrimStrings.php(40): Illuminate\\Foundation\\Http\\Middleware\\TransformsRequest->handle()
#41 /var/www/vhosts/epic-driscoll.161-97-115-110.plesk.page/httpdocs/loan/vendor/laravel/framework/src/Illuminate/Pipeline/Pipeline.php(167): Illuminate\\Foundation\\Http\\Middleware\\TrimStrings->handle()
#42 /var/www/vhosts/epic-driscoll.161-97-115-110.plesk.page/httpdocs/loan/vendor/laravel/framework/src/Illuminate/Foundation/Http/Middleware/ValidatePostSize.php(27): Illuminate\\Pipeline\\Pipeline->Illuminate\\Pipeline\\{closure}()
#43 /var/www/vhosts/epic-driscoll.161-97-115-110.plesk.page/httpdocs/loan/vendor/laravel/framework/src/Illuminate/Pipeline/Pipeline.php(167): Illuminate\\Foundation\\Http\\Middleware\\ValidatePostSize->handle()
#44 /var/www/vhosts/epic-driscoll.161-97-115-110.plesk.page/httpdocs/loan/vendor/laravel/framework/src/Illuminate/Foundation/Http/Middleware/PreventRequestsDuringMaintenance.php(86): Illuminate\\Pipeline\\Pipeline->Illuminate\\Pipeline\\{closure}()
#45 /var/www/vhosts/epic-driscoll.161-97-115-110.plesk.page/httpdocs/loan/vendor/laravel/framework/src/Illuminate/Pipeline/Pipeline.php(167): Illuminate\\Foundation\\Http\\Middleware\\PreventRequestsDuringMaintenance->handle()
#46 /var/www/vhosts/epic-driscoll.161-97-115-110.plesk.page/httpdocs/loan/vendor/fruitcake/laravel-cors/src/HandleCors.php(38): Illuminate\\Pipeline\\Pipeline->Illuminate\\Pipeline\\{closure}()
#47 /var/www/vhosts/epic-driscoll.161-97-115-110.plesk.page/httpdocs/loan/vendor/laravel/framework/src/Illuminate/Pipeline/Pipeline.php(167): Fruitcake\\Cors\\HandleCors->handle()
#48 /var/www/vhosts/epic-driscoll.161-97-115-110.plesk.page/httpdocs/loan/vendor/fideloper/proxy/src/TrustProxies.php(57): Illuminate\\Pipeline\\Pipeline->Illuminate\\Pipeline\\{closure}()
#49 /var/www/vhosts/epic-driscoll.161-97-115-110.plesk.page/httpdocs/loan/vendor/laravel/framework/src/Illuminate/Pipeline/Pipeline.php(167): Fideloper\\Proxy\\TrustProxies->handle()
#50 /var/www/vhosts/epic-driscoll.161-97-115-110.plesk.page/httpdocs/loan/vendor/laravel/framework/src/Illuminate/Pipeline/Pipeline.php(103): Illuminate\\Pipeline\\Pipeline->Illuminate\\Pipeline\\{closure}()
#51 /var/www/vhosts/epic-driscoll.161-97-115-110.plesk.page/httpdocs/loan/vendor/laravel/framework/src/Illuminate/Foundation/Http/Kernel.php(142): Illuminate\\Pipeline\\Pipeline->then()
#52 /var/www/vhosts/epic-driscoll.161-97-115-110.plesk.page/httpdocs/loan/vendor/laravel/framework/src/Illuminate/Foundation/Http/Kernel.php(111): Illuminate\\Foundation\\Http\\Kernel->sendRequestThroughRouter()
#53 /var/www/vhosts/epic-driscoll.161-97-115-110.plesk.page/httpdocs/loan/public/index.php(52): Illuminate\\Foundation\\Http\\Kernel->handle()
#54 {main}
"} 
[2022-03-15 13:07:05] local.ERROR: file_put_contents(C:\xampp\htdocs\loan\storage\framework/sessions/ZdTxUvKWndNhPBHnH7CfSo53P86PVSliOKzxSBSt): failed to open stream: No such file or directory {"exception":"[object] (ErrorException(code: 0): file_put_contents(C:\\xampp\\htdocs\\loan\\storage\\framework/sessions/ZdTxUvKWndNhPBHnH7CfSo53P86PVSliOKzxSBSt): failed to open stream: No such file or directory at /var/www/vhosts/epic-driscoll.161-97-115-110.plesk.page/httpdocs/loan/vendor/laravel/framework/src/Illuminate/Filesystem/Filesystem.php:187)
[stacktrace]
#0 [internal function]: Illuminate\\Foundation\\Bootstrap\\HandleExceptions->handleError()
#1 /var/www/vhosts/epic-driscoll.161-97-115-110.plesk.page/httpdocs/loan/vendor/laravel/framework/src/Illuminate/Filesystem/Filesystem.php(187): file_put_contents()
#2 /var/www/vhosts/epic-driscoll.161-97-115-110.plesk.page/httpdocs/loan/vendor/laravel/framework/src/Illuminate/Session/FileSessionHandler.php(95): Illuminate\\Filesystem\\Filesystem->put()
#3 /var/www/vhosts/epic-driscoll.161-97-115-110.plesk.page/httpdocs/loan/vendor/laravel/framework/src/Illuminate/Session/Store.php(129): Illuminate\\Session\\FileSessionHandler->write()
#4 /var/www/vhosts/epic-driscoll.161-97-115-110.plesk.page/httpdocs/loan/vendor/laravel/framework/src/Illuminate/Session/Middleware/StartSession.php(236): Illuminate\\Session\\Store->save()
#5 /var/www/vhosts/epic-driscoll.161-97-115-110.plesk.page/httpdocs/loan/vendor/laravel/framework/src/Illuminate/Session/Middleware/StartSession.php(130): Illuminate\\Session\\Middleware\\StartSession->saveSession()
#6 /var/www/vhosts/epic-driscoll.161-97-115-110.plesk.page/httpdocs/loan/vendor/laravel/framework/src/Illuminate/Session/Middleware/StartSession.php(64): Illuminate\\Session\\Middleware\\StartSession->handleStatefulRequest()
#7 /var/www/vhosts/epic-driscoll.161-97-115-110.plesk.page/httpdocs/loan/vendor/laravel/framework/src/Illuminate/Pipeline/Pipeline.php(167): Illuminate\\Session\\Middleware\\StartSession->handle()
#8 /var/www/vhosts/epic-driscoll.161-97-115-110.plesk.page/httpdocs/loan/vendor/laravel/framework/src/Illuminate/Cookie/Middleware/AddQueuedCookiesToResponse.php(37): Illuminate\\Pipeline\\Pipeline->Illuminate\\Pipeline\\{closure}()
#9 /var/www/vhosts/epic-driscoll.161-97-115-110.plesk.page/httpdocs/loan/vendor/laravel/framework/src/Illuminate/Pipeline/Pipeline.php(167): Illuminate\\Cookie\\Middleware\\AddQueuedCookiesToResponse->handle()
#10 /var/www/vhosts/epic-driscoll.161-97-115-110.plesk.page/httpdocs/loan/vendor/laravel/framework/src/Illuminate/Cookie/Middleware/EncryptCookies.php(67): Illuminate\\Pipeline\\Pipeline->Illuminate\\Pipeline\\{closure}()
#11 /var/www/vhosts/epic-driscoll.161-97-115-110.plesk.page/httpdocs/loan/vendor/laravel/framework/src/Illuminate/Pipeline/Pipeline.php(167): Illuminate\\Cookie\\Middleware\\EncryptCookies->handle()
#12 /var/www/vhosts/epic-driscoll.161-97-115-110.plesk.page/httpdocs/loan/vendor/laravel/framework/src/Illuminate/Pipeline/Pipeline.php(103): Illuminate\\Pipeline\\Pipeline->Illuminate\\Pipeline\\{closure}()
#13 /var/www/vhosts/epic-driscoll.161-97-115-110.plesk.page/httpdocs/loan/vendor/laravel/framework/src/Illuminate/Routing/Router.php(723): Illuminate\\Pipeline\\Pipeline->then()
#14 /var/www/vhosts/epic-driscoll.161-97-115-110.plesk.page/httpdocs/loan/vendor/laravel/framework/src/Illuminate/Routing/Router.php(698): Illuminate\\Routing\\Router->runRouteWithinStack()
#15 /var/www/vhosts/epic-driscoll.161-97-115-110.plesk.page/httpdocs/loan/vendor/laravel/framework/src/Illuminate/Routing/Router.php(662): Illuminate\\Routing\\Router->runRoute()
#16 /var/www/vhosts/epic-driscoll.161-97-115-110.plesk.page/httpdocs/loan/vendor/laravel/framework/src/Illuminate/Routing/Router.php(651): Illuminate\\Routing\\Router->dispatchToRoute()
#17 /var/www/vhosts/epic-driscoll.161-97-115-110.plesk.page/httpdocs/loan/vendor/laravel/framework/src/Illuminate/Foundation/Http/Kernel.php(167): Illuminate\\Routing\\Router->dispatch()
#18 /var/www/vhosts/epic-driscoll.161-97-115-110.plesk.page/httpdocs/loan/vendor/laravel/framework/src/Illuminate/Pipeline/Pipeline.php(128): Illuminate\\Foundation\\Http\\Kernel->Illuminate\\Foundation\\Http\\{closure}()
#19 /var/www/vhosts/epic-driscoll.161-97-115-110.plesk.page/httpdocs/loan/vendor/laravel/framework/src/Illuminate/Foundation/Http/Middleware/TransformsRequest.php(21): Illuminate\\Pipeline\\Pipeline->Illuminate\\Pipeline\\{closure}()
#20 /var/www/vhosts/epic-driscoll.161-97-115-110.plesk.page/httpdocs/loan/vendor/laravel/framework/src/Illuminate/Foundation/Http/Middleware/ConvertEmptyStringsToNull.php(31): Illuminate\\Foundation\\Http\\Middleware\\TransformsRequest->handle()
#21 /var/www/vhosts/epic-driscoll.161-97-115-110.plesk.page/httpdocs/loan/vendor/laravel/framework/src/Illuminate/Pipeline/Pipeline.php(167): Illuminate\\Foundation\\Http\\Middleware\\ConvertEmptyStringsToNull->handle()
#22 /var/www/vhosts/epic-driscoll.161-97-115-110.plesk.page/httpdocs/loan/vendor/laravel/framework/src/Illuminate/Foundation/Http/Middleware/TransformsRequest.php(21): Illuminate\\Pipeline\\Pipeline->Illuminate\\Pipeline\\{closure}()
#23 /var/www/vhosts/epic-driscoll.161-97-115-110.plesk.page/httpdocs/loan/vendor/laravel/framework/src/Illuminate/Foundation/Http/Middleware/TrimStrings.php(40): Illuminate\\Foundation\\Http\\Middleware\\TransformsRequest->handle()
#24 /var/www/vhosts/epic-driscoll.161-97-115-110.plesk.page/httpdocs/loan/vendor/laravel/framework/src/Illuminate/Pipeline/Pipeline.php(167): Illuminate\\Foundation\\Http\\Middleware\\TrimStrings->handle()
#25 /var/www/vhosts/epic-driscoll.161-97-115-110.plesk.page/httpdocs/loan/vendor/laravel/framework/src/Illuminate/Foundation/Http/Middleware/ValidatePostSize.php(27): Illuminate\\Pipeline\\Pipeline->Illuminate\\Pipeline\\{closure}()
#26 /var/www/vhosts/epic-driscoll.161-97-115-110.plesk.page/httpdocs/loan/vendor/laravel/framework/src/Illuminate/Pipeline/Pipeline.php(167): Illuminate\\Foundation\\Http\\Middleware\\ValidatePostSize->handle()
#27 /var/www/vhosts/epic-driscoll.161-97-115-110.plesk.page/httpdocs/loan/vendor/laravel/framework/src/Illuminate/Foundation/Http/Middleware/PreventRequestsDuringMaintenance.php(86): Illuminate\\Pipeline\\Pipeline->Illuminate\\Pipeline\\{closure}()
#28 /var/www/vhosts/epic-driscoll.161-97-115-110.plesk.page/httpdocs/loan/vendor/laravel/framework/src/Illuminate/Pipeline/Pipeline.php(167): Illuminate\\Foundation\\Http\\Middleware\\PreventRequestsDuringMaintenance->handle()
#29 /var/www/vhosts/epic-driscoll.161-97-115-110.plesk.page/httpdocs/loan/vendor/fruitcake/laravel-cors/src/HandleCors.php(38): Illuminate\\Pipeline\\Pipeline->Illuminate\\Pipeline\\{closure}()
#30 /var/www/vhosts/epic-driscoll.161-97-115-110.plesk.page/httpdocs/loan/vendor/laravel/framework/src/Illuminate/Pipeline/Pipeline.php(167): Fruitcake\\Cors\\HandleCors->handle()
#31 /var/www/vhosts/epic-driscoll.161-97-115-110.plesk.page/httpdocs/loan/vendor/fideloper/proxy/src/TrustProxies.php(57): Illuminate\\Pipeline\\Pipeline->Illuminate\\Pipeline\\{closure}()
#32 /var/www/vhosts/epic-driscoll.161-97-115-110.plesk.page/httpdocs/loan/vendor/laravel/framework/src/Illuminate/Pipeline/Pipeline.php(167): Fideloper\\Proxy\\TrustProxies->handle()
#33 /var/www/vhosts/epic-driscoll.161-97-115-110.plesk.page/httpdocs/loan/vendor/laravel/framework/src/Illuminate/Pipeline/Pipeline.php(103): Illuminate\\Pipeline\\Pipeline->Illuminate\\Pipeline\\{closure}()
#34 /var/www/vhosts/epic-driscoll.161-97-115-110.plesk.page/httpdocs/loan/vendor/laravel/framework/src/Illuminate/Foundation/Http/Kernel.php(142): Illuminate\\Pipeline\\Pipeline->then()
#35 /var/www/vhosts/epic-driscoll.161-97-115-110.plesk.page/httpdocs/loan/vendor/laravel/framework/src/Illuminate/Foundation/Http/Kernel.php(111): Illuminate\\Foundation\\Http\\Kernel->sendRequestThroughRouter()
#36 /var/www/vhosts/epic-driscoll.161-97-115-110.plesk.page/httpdocs/loan/public/index.php(52): Illuminate\\Foundation\\Http\\Kernel->handle()
#37 {main}
"} 
